0 info it worked if it ends with ok
1 verbose cli [ '/usr/local/Cellar/node/7.2.0/bin/node',
1 verbose cli   '/usr/local/bin/npm',
1 verbose cli   'run',
1 verbose cli   'test' ]
2 info using npm@3.10.9
3 info using node@v7.2.0
4 verbose run-script [ 'pretest', 'test', 'posttest' ]
5 info lifecycle CODAP@2.0.0~pretest: CODAP@2.0.0
6 verbose lifecycle CODAP@2.0.0~pretest: unsafe-perm in lifecycle true
7 verbose lifecycle CODAP@2.0.0~pretest: PATH: /usr/local/lib/node_modules/npm/bin/node-gyp-bin:/Users/evangelineireland/Sites/codap/node_modules/.bin:/usr/local/Cellar/node/7.2.0/bin:/Library/Frameworks/Python.framework/Versions/3.4/bin:/Library/PostgreSQL/9.5/bin:/usr/local/bin:/usr/local/heroku/bin:/Users/evangelineireland/node_modules/.bin:/Users/evangelineireland/.rvm/gems/ruby-2.1.5/bin:/Users/evangelineireland/.rvm/gems/ruby-2.1.5@global/bin:/Users/evangelineireland/.rvm/rubies/ruby-2.1.5/bin:/usr/bin:/bin:/usr/sbin:/sbin:/usr/local/bin:/Users/evangelineireland/development/WebDrivers:/usr/local/git/bin:/Library/Frameworks/Mono.framework/Versions/Current/Commands:/Users/evangelineireland/.rvm/bin:/Users/evangelineireland/Applications/Firefox.app/Contents/MacOS/firefox:/Users/evangelineireland/Applications/Google\ Chrome.app/Contents/MacOS/Google\ Chrome:/Library/PostgreSQL/9.5/bin:/Users/evangelineireland/development/WebDrivers/:/Users/evangelineireland/development/WebDrivers/chromedriver:/Users/evangelineireland/.rvm/bin:/usr/local/Cellar/maven/3.x.x:/usr/local/Cellar/maven/3.3.1:x
8 verbose lifecycle CODAP@2.0.0~pretest: CWD: /Users/evangelineireland/Sites/codap
9 silly lifecycle CODAP@2.0.0~pretest: Args: [ '-c', 'npm run lint' ]
10 silly lifecycle CODAP@2.0.0~pretest: Returned: code: 0  signal: null
11 info lifecycle CODAP@2.0.0~test: CODAP@2.0.0
12 verbose lifecycle CODAP@2.0.0~test: unsafe-perm in lifecycle true
13 verbose lifecycle CODAP@2.0.0~test: PATH: /usr/local/lib/node_modules/npm/bin/node-gyp-bin:/Users/evangelineireland/Sites/codap/node_modules/.bin:/usr/local/Cellar/node/7.2.0/bin:/Library/Frameworks/Python.framework/Versions/3.4/bin:/Library/PostgreSQL/9.5/bin:/usr/local/bin:/usr/local/heroku/bin:/Users/evangelineireland/node_modules/.bin:/Users/evangelineireland/.rvm/gems/ruby-2.1.5/bin:/Users/evangelineireland/.rvm/gems/ruby-2.1.5@global/bin:/Users/evangelineireland/.rvm/rubies/ruby-2.1.5/bin:/usr/bin:/bin:/usr/sbin:/sbin:/usr/local/bin:/Users/evangelineireland/development/WebDrivers:/usr/local/git/bin:/Library/Frameworks/Mono.framework/Versions/Current/Commands:/Users/evangelineireland/.rvm/bin:/Users/evangelineireland/Applications/Firefox.app/Contents/MacOS/firefox:/Users/evangelineireland/Applications/Google\ Chrome.app/Contents/MacOS/Google\ Chrome:/Library/PostgreSQL/9.5/bin:/Users/evangelineireland/development/WebDrivers/:/Users/evangelineireland/development/WebDrivers/chromedriver:/Users/evangelineireland/.rvm/bin:/usr/local/Cellar/maven/3.x.x:/usr/local/Cellar/maven/3.3.1:x
14 verbose lifecycle CODAP@2.0.0~test: CWD: /Users/evangelineireland/Sites/codap
15 silly lifecycle CODAP@2.0.0~test: Args: [ '-c', 'sc-phantom --include-targets=/dg' ]
16 silly lifecycle CODAP@2.0.0~test: Returned: code: 1  signal: null
17 info lifecycle CODAP@2.0.0~test: Failed to exec test script
18 verbose stack Error: CODAP@2.0.0 test: `sc-phantom --include-targets=/dg`
18 verbose stack Exit status 1
18 verbose stack     at EventEmitter.<anonymous> (/usr/local/lib/node_modules/npm/lib/utils/lifecycle.js:255:16)
18 verbose stack     at emitTwo (events.js:106:13)
18 verbose stack     at EventEmitter.emit (events.js:191:7)
18 verbose stack     at ChildProcess.<anonymous> (/usr/local/lib/node_modules/npm/lib/utils/spawn.js:40:14)
18 verbose stack     at emitTwo (events.js:106:13)
18 verbose stack     at ChildProcess.emit (events.js:191:7)
18 verbose stack     at maybeClose (internal/child_process.js:885:16)
18 verbose stack     at Process.ChildProcess._handle.onexit (internal/child_process.js:226:5)
19 verbose pkgid CODAP@2.0.0
20 verbose cwd /Users/evangelineireland/Sites/codap
21 error Darwin 16.5.0
22 error argv "/usr/local/Cellar/node/7.2.0/bin/node" "/usr/local/bin/npm" "run" "test"
23 error node v7.2.0
24 error npm  v3.10.9
25 error code ELIFECYCLE
26 error CODAP@2.0.0 test: `sc-phantom --include-targets=/dg`
26 error Exit status 1
27 error Failed at the CODAP@2.0.0 test script 'sc-phantom --include-targets=/dg'.
27 error Make sure you have the latest version of node.js and npm installed.
27 error If you do, this is most likely a problem with the CODAP package,
27 error not with npm itself.
27 error Tell the author that this fails on your system:
27 error     sc-phantom --include-targets=/dg
27 error You can get information on how to open an issue for this project with:
27 error     npm bugs CODAP
27 error Or if that isn't available, you can get their info via:
27 error     npm owner ls CODAP
27 error There is likely additional logging output above.
28 verbose exit [ 1, true ]
